{"/Users/chrisbrown/Documents/makers/week9/bank_tech_test/bank_balance.js": {"path":"/Users/chrisbrown/Documents/makers/week9/bank_tech_test/bank_balance.js","statementMap":{"0":{"start":{"line":3,"column":4},"end":{"line":3,"column":21}},"1":{"start":{"line":4,"column":4},"end":{"line":4,"column":24}},"2":{"start":{"line":5,"column":4},"end":{"line":5,"column":48}},"3":{"start":{"line":9,"column":17},"end":{"line":9,"column":48}},"4":{"start":{"line":10,"column":4},"end":{"line":10,"column":29}},"5":{"start":{"line":11,"column":4},"end":{"line":11,"column":32}},"6":{"start":{"line":12,"column":4},"end":{"line":14,"column":6}},"7":{"start":{"line":18,"column":17},"end":{"line":18,"column":48}},"8":{"start":{"line":19,"column":4},"end":{"line":27,"column":5}},"9":{"start":{"line":20,"column":6},"end":{"line":20,"column":59}},"10":{"start":{"line":22,"column":6},"end":{"line":22,"column":30}},"11":{"start":{"line":23,"column":6},"end":{"line":23,"column":33}},"12":{"start":{"line":24,"column":6},"end":{"line":26,"column":8}},"13":{"start":{"line":31,"column":4},"end":{"line":31,"column":24}},"14":{"start":{"line":35,"column":17},"end":{"line":35,"column":53}},"15":{"start":{"line":37,"column":4},"end":{"line":37,"column":47}},"16":{"start":{"line":38,"column":4},"end":{"line":38,"column":48}},"17":{"start":{"line":40,"column":4},"end":{"line":44,"column":5}},"18":{"start":{"line":40,"column":21},"end":{"line":40,"column":22}},"19":{"start":{"line":41,"column":22},"end":{"line":41,"column":43}},"20":{"start":{"line":43,"column":6},"end":{"line":43,"column":33}},"21":{"start":{"line":48,"column":0},"end":{"line":48,"column":29}}},"fnMap":{"0":{"name":"(anonymous_0)","decl":{"start":{"line":2,"column":2},"end":{"line":2,"column":3}},"loc":{"start":{"line":2,"column":16},"end":{"line":6,"column":3}},"line":2},"1":{"name":"(anonymous_1)","decl":{"start":{"line":8,"column":2},"end":{"line":8,"column":3}},"loc":{"start":{"line":8,"column":22},"end":{"line":15,"column":3}},"line":8},"2":{"name":"(anonymous_2)","decl":{"start":{"line":17,"column":2},"end":{"line":17,"column":3}},"loc":{"start":{"line":17,"column":23},"end":{"line":28,"column":3}},"line":17},"3":{"name":"(anonymous_3)","decl":{"start":{"line":30,"column":2},"end":{"line":30,"column":3}},"loc":{"start":{"line":30,"column":18},"end":{"line":32,"column":3}},"line":30},"4":{"name":"(anonymous_4)","decl":{"start":{"line":34,"column":2},"end":{"line":34,"column":3}},"loc":{"start":{"line":34,"column":19},"end":{"line":45,"column":3}},"line":34}},"branchMap":{"0":{"loc":{"start":{"line":19,"column":4},"end":{"line":27,"column":5}},"type":"if","locations":[{"start":{"line":19,"column":4},"end":{"line":27,"column":5}},{"start":{"line":21,"column":11},"end":{"line":27,"column":5}}],"line":19}},"s":{"0":7,"1":7,"2":7,"3":12,"4":12,"5":12,"6":12,"7":5,"8":5,"9":1,"10":4,"11":4,"12":4,"13":6,"14":1,"15":1,"16":1,"17":1,"18":1,"19":1,"20":1,"21":1},"f":{"0":7,"1":12,"2":5,"3":6,"4":1},"b":{"0":[1,4]},"_coverageSchema":"1a1c01bbd47fc00a2c39e90264f33305004495a9","hash":"f902df60f15f1989ddb95377d14d61dc79335a99"}
}
