{"/Users/chrisbrown/Documents/makers/week9/bank_tech_test/bank_balance.js": {"path":"/Users/chrisbrown/Documents/makers/week9/bank_tech_test/bank_balance.js","statementMap":{"0":{"start":{"line":3,"column":4},"end":{"line":3,"column":21}},"1":{"start":{"line":4,"column":4},"end":{"line":4,"column":24}},"2":{"start":{"line":5,"column":4},"end":{"line":5,"column":48}},"3":{"start":{"line":9,"column":4},"end":{"line":9,"column":29}},"4":{"start":{"line":10,"column":4},"end":{"line":10,"column":32}},"5":{"start":{"line":11,"column":4},"end":{"line":13,"column":6}},"6":{"start":{"line":17,"column":4},"end":{"line":25,"column":5}},"7":{"start":{"line":18,"column":6},"end":{"line":18,"column":59}},"8":{"start":{"line":20,"column":6},"end":{"line":20,"column":30}},"9":{"start":{"line":21,"column":6},"end":{"line":21,"column":33}},"10":{"start":{"line":22,"column":6},"end":{"line":24,"column":8}},"11":{"start":{"line":29,"column":4},"end":{"line":29,"column":24}},"12":{"start":{"line":33,"column":17},"end":{"line":33,"column":53}},"13":{"start":{"line":35,"column":4},"end":{"line":35,"column":47}},"14":{"start":{"line":36,"column":4},"end":{"line":36,"column":48}},"15":{"start":{"line":38,"column":4},"end":{"line":42,"column":5}},"16":{"start":{"line":38,"column":21},"end":{"line":38,"column":22}},"17":{"start":{"line":39,"column":22},"end":{"line":39,"column":43}},"18":{"start":{"line":41,"column":6},"end":{"line":41,"column":33}},"19":{"start":{"line":46,"column":0},"end":{"line":46,"column":29}}},"fnMap":{"0":{"name":"(anonymous_0)","decl":{"start":{"line":2,"column":2},"end":{"line":2,"column":3}},"loc":{"start":{"line":2,"column":16},"end":{"line":6,"column":3}},"line":2},"1":{"name":"(anonymous_1)","decl":{"start":{"line":8,"column":2},"end":{"line":8,"column":3}},"loc":{"start":{"line":8,"column":22},"end":{"line":14,"column":3}},"line":8},"2":{"name":"(anonymous_2)","decl":{"start":{"line":16,"column":2},"end":{"line":16,"column":3}},"loc":{"start":{"line":16,"column":23},"end":{"line":26,"column":3}},"line":16},"3":{"name":"(anonymous_3)","decl":{"start":{"line":28,"column":2},"end":{"line":28,"column":3}},"loc":{"start":{"line":28,"column":18},"end":{"line":30,"column":3}},"line":28},"4":{"name":"(anonymous_4)","decl":{"start":{"line":32,"column":2},"end":{"line":32,"column":3}},"loc":{"start":{"line":32,"column":19},"end":{"line":43,"column":3}},"line":32}},"branchMap":{"0":{"loc":{"start":{"line":17,"column":4},"end":{"line":25,"column":5}},"type":"if","locations":[{"start":{"line":17,"column":4},"end":{"line":25,"column":5}},{"start":{"line":19,"column":11},"end":{"line":25,"column":5}}],"line":17}},"s":{"0":7,"1":7,"2":7,"3":12,"4":12,"5":12,"6":5,"7":1,"8":4,"9":4,"10":4,"11":6,"12":1,"13":1,"14":1,"15":1,"16":1,"17":1,"18":1,"19":1},"f":{"0":7,"1":12,"2":5,"3":6,"4":1},"b":{"0":[1,4]},"_coverageSchema":"1a1c01bbd47fc00a2c39e90264f33305004495a9","hash":"55be7aea67663ce80c5741f916d947a8fbecf498"}
}
